# JRE version: OpenJDK Runtime Environment JBR-17.0.8.1+7-1063.1-nomod (17.0.8.1+7) (build 17.0.8.1+7-b1063.1)
# Java VM: OpenJDK 64-Bit Server VM JBR-17.0.8.1+7-1063.1-nomod (17.0.8.1+7-b1063.1, mixed mode, tiered, compressed oops, compressed class ptrs, g1 gc, windows-amd64)
GC Precious Log:
 CPUs: 8 total, 8 available
 Memory: 8075M
 Large Page Support: Disabled
 NUMA Support: Disabled
 Compressed Oops: Enabled (32-bit)
 Heap Region Size: 1M
 Heap Min Capacity: 8M
 Heap Initial Capacity: 128M
 Heap Max Capacity: 2G
 Pre-touch: Disabled
 Parallel Workers: 8
 Concurrent Workers: 2
 Concurrent Refinement Workers: 8
 Periodic GC: Disabled
Heap:
 garbage-first heap   total 202752K, used 117001K [0x0000000080000000, 0x0000000100000000)
  region size 1024K, 6 young (6144K), 6 survivors (6144K)
 Metaspace       used 93375K, committed 94144K, reserved 1179648K
  class space    used 12733K, committed 13056K, reserved 1048576K
GC Heap History (20 events):
Event: 19.258 GC heap after
{Heap after GC invocations=38 (full 0):
 garbage-first heap   total 202752K, used 63960K [0x0000000080000000, 0x0000000100000000)
  region size 1024K, 1 young (1024K), 1 survivors (1024K)
 Metaspace       used 69292K, committed 69888K, reserved 1114112K
  class space    used 9109K, committed 9408K, reserved 1048576K
}
Event: 21.181 GC heap before
{Heap before GC invocations=38 (full 0):
 garbage-first heap   total 202752K, used 147928K [0x0000000080000000, 0x0000000100000000)
  region size 1024K, 83 young (84992K), 1 survivors (1024K)
 Metaspace       used 76311K, committed 76928K, reserved 1179648K
  class space    used 10279K, committed 10560K, reserved 1048576K
}
Event: 21.188 GC heap after
{Heap after GC invocations=39 (full 0):
 garbage-first heap   total 202752K, used 69507K [0x0000000080000000, 0x0000000100000000)
  region size 1024K, 6 young (6144K), 6 survivors (6144K)
 Metaspace       used 76311K, committed 76928K, reserved 1179648K
  class space    used 10279K, committed 10560K, reserved 1048576K
}
Event: 23.299 GC heap before
{Heap before GC invocations=39 (full 0):
 garbage-first heap   total 202752K, used 151427K [0x0000000080000000, 0x0000000100000000)
  region size 1024K, 86 young (88064K), 6 survivors (6144K)
 Metaspace       used 84551K, committed 85184K, reserved 1179648K
  class space    used 11487K, committed 11776K, reserved 1048576K
}
Event: 23.310 GC heap after
{Heap after GC invocations=40 (full 0):
 garbage-first heap   total 202752K, used 76016K [0x0000000080000000, 0x0000000100000000)
  region size 1024K, 7 young (7168K), 7 survivors (7168K)
 Metaspace       used 84551K, committed 85184K, reserved 1179648K
  class space    used 11487K, committed 11776K, reserved 1048576K
}
Event: 24.626 GC heap before
{Heap before GC invocations=40 (full 0):
 garbage-first heap   total 202752K, used 154864K [0x0000000080000000, 0x0000000100000000)
  region size 1024K, 84 young (86016K), 7 survivors (7168K)
 Metaspace       used 86482K, committed 87104K, reserved 1179648K
  class space    used 11739K, committed 12032K, reserved 1048576K
}
Event: 24.646 GC heap after
{Heap after GC invocations=41 (full 0):
 garbage-first heap   total 202752K, used 87622K [0x0000000080000000, 0x0000000100000000)
  region size 1024K, 11 young (11264K), 11 survivors (11264K)
 Metaspace       used 86482K, committed 87104K, reserved 1179648K
  class space    used 11739K, committed 12032K, reserved 1048576K
}
Event: 26.243 GC heap before
{Heap before GC invocations=41 (full 0):
 garbage-first heap   total 202752K, used 156230K [0x0000000080000000, 0x0000000100000000)
  region size 1024K, 79 young (80896K), 11 survivors (11264K)
 Metaspace       used 89330K, committed 90048K, reserved 1179648K
  class space    used 12323K, committed 12672K, reserved 1048576K
}
Event: 26.258 GC heap after
{Heap after GC invocations=42 (full 0):
 garbage-first heap   total 202752K, used 96124K [0x0000000080000000, 0x0000000100000000)
  region size 1024K, 8 young (8192K), 8 survivors (8192K)
 Metaspace       used 89330K, committed 90048K, reserved 1179648K
  class space    used 12323K, committed 12672K, reserved 1048576K
}
Event: 27.302 GC heap before
{Heap before GC invocations=42 (full 0):
 garbage-first heap   total 202752K, used 158588K [0x0000000080000000, 0x0000000100000000)
  region size 1024K, 70 young (71680K), 8 survivors (8192K)
 Metaspace       used 89820K, committed 90496K, reserved 1179648K
  class space    used 12340K, committed 12672K, reserved 1048576K
}
Event: 27.315 GC heap after
{Heap after GC invocations=43 (full 0):
 garbage-first heap   total 202752K, used 100900K [0x0000000080000000, 0x0000000100000000)
  region size 1024K, 5 young (5120K), 5 survivors (5120K)
 Metaspace       used 89820K, committed 90496K, reserved 1179648K
  class space    used 12340K, committed 12672K, reserved 1048576K
}
Event: 28.742 GC heap before
{Heap before GC invocations=43 (full 0):
 garbage-first heap   total 202752K, used 161316K [0x0000000080000000, 0x0000000100000000)
  region size 1024K, 65 young (66560K), 5 survivors (5120K)
 Metaspace       used 90721K, committed 91456K, reserved 1179648K
  class space    used 12478K, committed 12800K, reserved 1048576K
}
Event: 28.752 GC heap after
{Heap after GC invocations=44 (full 0):
 garbage-first heap   total 202752K, used 103295K [0x0000000080000000, 0x0000000100000000)
  region size 1024K, 7 young (7168K), 7 survivors (7168K)
 Metaspace       used 90721K, committed 91456K, reserved 1179648K
  class space    used 12478K, committed 12800K, reserved 1048576K
}
Event: 29.448 GC heap before
{Heap before GC invocations=44 (full 0):
 garbage-first heap   total 202752K, used 163711K [0x0000000080000000, 0x0000000100000000)
  region size 1024K, 67 young (68608K), 7 survivors (7168K)
 Metaspace       used 90870K, committed 91648K, reserved 1179648K
  class space    used 12498K, committed 12864K, reserved 1048576K
}
Event: 29.461 GC heap after
{Heap after GC invocations=45 (full 0):
 garbage-first heap   total 202752K, used 107438K [0x0000000080000000, 0x0000000100000000)
  region size 1024K, 8 young (8192K), 8 survivors (8192K)
 Metaspace       used 90870K, committed 91648K, reserved 1179648K
  class space    used 12498K, committed 12864K, reserved 1048576K
}
Event: 30.559 GC heap before
{Heap before GC invocations=45 (full 0):
 garbage-first heap   total 202752K, used 164782K [0x0000000080000000, 0x0000000100000000)
  region size 1024K, 65 young (66560K), 8 survivors (8192K)
 Metaspace       used 91229K, committed 91968K, reserved 1179648K
  class space    used 12516K, committed 12864K, reserved 1048576K
}
Event: 30.585 GC heap after
{Heap after GC invocations=46 (full 0):
 garbage-first heap   total 202752K, used 110872K [0x0000000080000000, 0x0000000100000000)
  region size 1024K, 8 young (8192K), 8 survivors (8192K)
 Metaspace       used 91229K, committed 91968K, reserved 1179648K
  class space    used 12516K, committed 12864K, reserved 1048576K
}
Event: 31.183 GC heap before
{Heap before GC invocations=46 (full 0):
 garbage-first heap   total 202752K, used 167192K [0x0000000080000000, 0x0000000100000000)
  region size 1024K, 64 young (65536K), 8 survivors (8192K)
 Metaspace       used 91270K, committed 91968K, reserved 1179648K
  class space    used 12518K, committed 12864K, reserved 1048576K
}
Event: 31.193 GC heap after
{Heap after GC invocations=47 (full 0):
 garbage-first heap   total 202752K, used 113664K [0x0000000080000000, 0x0000000100000000)
  region size 1024K, 7 young (7168K), 7 survivors (7168K)
 Metaspace       used 91270K, committed 91968K, reserved 1179648K
  class space    used 12518K, committed 12864K, reserved 1048576K
}
Event: 32.825 GC heap before
{Heap before GC invocations=47 (full 0):
 garbage-first heap   total 202752K, used 167936K [0x0000000080000000, 0x0000000100000000)
  region size 1024K, 61 young (62464K), 7 survivors (7168K)
 Metaspace       used 93375K, committed 94144K, reserved 1179648K
  class space    used 12733K, committed 13056K, reserved 1048576K
}

