# JRE version: OpenJDK Runtime Environment (11.0.15) (build 11.0.15+0-b2043.56-9505619)
# Java VM: OpenJDK 64-Bit Server VM (11.0.15+0-b2043.56-9505619, mixed mode, tiered, compressed oops, g1 gc, windows-amd64)
Heap:
 garbage-first heap   total 157696K, used 97080K [0x0000000080000000, 0x0000000100000000)
  region size 1024K, 38 young (38912K), 8 survivors (8192K)
 Metaspace       used 76633K, capacity 78461K, committed 78620K, reserved 1118208K
  class space    used 9792K, capacity 10524K, committed 10648K, reserved 1048576K
GC Heap History (20 events):
Event: 9.372 GC heap before
{Heap before GC invocations=6 (full 0):
 garbage-first heap   total 131072K, used 28525K [0x0000000080000000, 0x0000000100000000)
  region size 1024K, 13 young (13312K), 5 survivors (5120K)
 Metaspace       used 35106K, capacity 35958K, committed 36048K, reserved 1081344K
  class space    used 4574K, capacity 4921K, committed 4940K, reserved 1048576K
}
Event: 9.387 GC heap after
{Heap after GC invocations=7 (full 0):
 garbage-first heap   total 131072K, used 22748K [0x0000000080000000, 0x0000000100000000)
  region size 1024K, 6 young (6144K), 6 survivors (6144K)
 Metaspace       used 35106K, capacity 35958K, committed 36048K, reserved 1081344K
  class space    used 4574K, capacity 4921K, committed 4940K, reserved 1048576K
}
Event: 11.014 GC heap before
{Heap before GC invocations=8 (full 0):
 garbage-first heap   total 131072K, used 77020K [0x0000000080000000, 0x0000000100000000)
  region size 1024K, 56 young (57344K), 6 survivors (6144K)
 Metaspace       used 40800K, capacity 41784K, committed 42140K, reserved 1085440K
  class space    used 5148K, capacity 5532K, committed 5656K, reserved 1048576K
}
Event: 11.036 GC heap after
{Heap after GC invocations=9 (full 0):
 garbage-first heap   total 131072K, used 27487K [0x0000000080000000, 0x0000000100000000)
  region size 1024K, 7 young (7168K), 7 survivors (7168K)
 Metaspace       used 40800K, capacity 41784K, committed 42140K, reserved 1085440K
  class space    used 5148K, capacity 5532K, committed 5656K, reserved 1048576K
}
Event: 12.288 GC heap before
{Heap before GC invocations=10 (full 0):
 garbage-first heap   total 131072K, used 79711K [0x0000000080000000, 0x0000000100000000)
  region size 1024K, 58 young (59392K), 7 survivors (7168K)
 Metaspace       used 44090K, capacity 45126K, committed 45212K, reserved 1089536K
  class space    used 5665K, capacity 6082K, committed 6168K, reserved 1048576K
}
Event: 12.303 GC heap after
{Heap after GC invocations=11 (full 0):
 garbage-first heap   total 131072K, used 31526K [0x0000000080000000, 0x0000000100000000)
  region size 1024K, 8 young (8192K), 8 survivors (8192K)
 Metaspace       used 44090K, capacity 45126K, committed 45212K, reserved 1089536K
  class space    used 5665K, capacity 6082K, committed 6168K, reserved 1048576K
}
Event: 13.275 GC heap before
{Heap before GC invocations=11 (full 0):
 garbage-first heap   total 131072K, used 84774K [0x0000000080000000, 0x0000000100000000)
  region size 1024K, 59 young (60416K), 8 survivors (8192K)
 Metaspace       used 48456K, capacity 49692K, committed 49820K, reserved 1093632K
  class space    used 6202K, capacity 6670K, committed 6680K, reserved 1048576K
}
Event: 13.287 GC heap after
{Heap after GC invocations=12 (full 0):
 garbage-first heap   total 157696K, used 33319K [0x0000000080000000, 0x0000000100000000)
  region size 1024K, 6 young (6144K), 6 survivors (6144K)
 Metaspace       used 48456K, capacity 49692K, committed 49820K, reserved 1093632K
  class space    used 6202K, capacity 6670K, committed 6680K, reserved 1048576K
}
Event: 16.127 GC heap before
{Heap before GC invocations=12 (full 0):
 garbage-first heap   total 157696K, used 98855K [0x0000000080000000, 0x0000000100000000)
  region size 1024K, 70 young (71680K), 6 survivors (6144K)
 Metaspace       used 56233K, capacity 57541K, committed 57756K, reserved 1099776K
  class space    used 7118K, capacity 7608K, committed 7704K, reserved 1048576K
}
Event: 16.136 GC heap after
{Heap after GC invocations=13 (full 0):
 garbage-first heap   total 157696K, used 37346K [0x0000000080000000, 0x0000000100000000)
  region size 1024K, 9 young (9216K), 9 survivors (9216K)
 Metaspace       used 56233K, capacity 57541K, committed 57756K, reserved 1099776K
  class space    used 7118K, capacity 7608K, committed 7704K, reserved 1048576K
}
Event: 18.392 GC heap before
{Heap before GC invocations=13 (full 0):
 garbage-first heap   total 157696K, used 112098K [0x0000000080000000, 0x0000000100000000)
  region size 1024K, 74 young (75776K), 9 survivors (9216K)
 Metaspace       used 62865K, capacity 64403K, committed 64540K, reserved 1105920K
  class space    used 7905K, capacity 8466K, committed 8600K, reserved 1048576K
}
Event: 18.403 GC heap after
{Heap after GC invocations=14 (full 0):
 garbage-first heap   total 157696K, used 54044K [0x0000000080000000, 0x0000000100000000)
  region size 1024K, 10 young (10240K), 10 survivors (10240K)
 Metaspace       used 62865K, capacity 64403K, committed 64540K, reserved 1105920K
  class space    used 7905K, capacity 8466K, committed 8600K, reserved 1048576K
}
Event: 20.213 GC heap before
{Heap before GC invocations=14 (full 0):
 garbage-first heap   total 157696K, used 120604K [0x0000000080000000, 0x0000000100000000)
  region size 1024K, 68 young (69632K), 10 survivors (10240K)
 Metaspace       used 68026K, capacity 69756K, committed 69916K, reserved 1110016K
  class space    used 8611K, capacity 9245K, committed 9368K, reserved 1048576K
}
Event: 20.224 GC heap after
{Heap after GC invocations=15 (full 0):
 garbage-first heap   total 157696K, used 60024K [0x0000000080000000, 0x0000000100000000)
  region size 1024K, 6 young (6144K), 6 survivors (6144K)
 Metaspace       used 68026K, capacity 69756K, committed 69916K, reserved 1110016K
  class space    used 8611K, capacity 9245K, committed 9368K, reserved 1048576K
}
Event: 20.347 GC heap before
{Heap before GC invocations=15 (full 0):
 garbage-first heap   total 157696K, used 65144K [0x0000000080000000, 0x0000000100000000)
  region size 1024K, 12 young (12288K), 6 survivors (6144K)
 Metaspace       used 68418K, capacity 70089K, committed 70172K, reserved 1110016K
  class space    used 8659K, capacity 9313K, committed 9368K, reserved 1048576K
}
Event: 20.354 GC heap after
{Heap after GC invocations=16 (full 0):
 garbage-first heap   total 157696K, used 61101K [0x0000000080000000, 0x0000000100000000)
  region size 1024K, 2 young (2048K), 2 survivors (2048K)
 Metaspace       used 68418K, capacity 70089K, committed 70172K, reserved 1110016K
  class space    used 8659K, capacity 9313K, committed 9368K, reserved 1048576K
}
Event: 22.054 GC heap before
{Heap before GC invocations=17 (full 0):
 garbage-first heap   total 157696K, used 118445K [0x0000000080000000, 0x0000000100000000)
  region size 1024K, 58 young (59392K), 2 survivors (2048K)
 Metaspace       used 72846K, capacity 74612K, committed 74908K, reserved 1114112K
  class space    used 9256K, capacity 9955K, committed 10008K, reserved 1048576K
}
Event: 22.061 GC heap after
{Heap after GC invocations=18 (full 0):
 garbage-first heap   total 157696K, used 63215K [0x0000000080000000, 0x0000000100000000)
  region size 1024K, 4 young (4096K), 4 survivors (4096K)
 Metaspace       used 72846K, capacity 74612K, committed 74908K, reserved 1114112K
  class space    used 9256K, capacity 9955K, committed 10008K, reserved 1048576K
}
Event: 23.085 GC heap before
{Heap before GC invocations=18 (full 0):
 garbage-first heap   total 157696K, used 121583K [0x0000000080000000, 0x0000000100000000)
  region size 1024K, 61 young (62464K), 4 survivors (4096K)
 Metaspace       used 73881K, capacity 75735K, committed 75804K, reserved 1116160K
  class space    used 9379K, capacity 10107K, committed 10136K, reserved 1048576K
}
Event: 23.093 GC heap after
{Heap after GC invocations=19 (full 0):
 garbage-first heap   total 157696K, used 67384K [0x0000000080000000, 0x0000000100000000)
  region size 1024K, 8 young (8192K), 8 survivors (8192K)
 Metaspace       used 73881K, capacity 75735K, committed 75804K, reserved 1116160K
  class space    used 9379K, capacity 10107K, committed 10136K, reserved 1048576K
}

