# JRE version: OpenJDK Runtime Environment JBR-17.0.8.1+7-1063.1-nomod (17.0.8.1+7) (build 17.0.8.1+7-b1063.1)
# Java VM: OpenJDK 64-Bit Server VM JBR-17.0.8.1+7-1063.1-nomod (17.0.8.1+7-b1063.1, mixed mode, tiered, compressed oops, compressed class ptrs, g1 gc, windows-amd64)
GC Precious Log:
 CPUs: 8 total, 8 available
 Memory: 8075M
 Large Page Support: Disabled
 NUMA Support: Disabled
 Compressed Oops: Enabled (32-bit)
 Heap Region Size: 1M
 Heap Min Capacity: 8M
 Heap Initial Capacity: 128M
 Heap Max Capacity: 2G
 Pre-touch: Disabled
 Parallel Workers: 8
 Concurrent Workers: 2
 Concurrent Refinement Workers: 8
 Periodic GC: Disabled
Heap:
 garbage-first heap   total 65536K, used 27048K [0x0000000080000000, 0x0000000100000000)
  region size 1024K, 8 young (8192K), 3 survivors (3072K)
 Metaspace       used 38025K, committed 38336K, reserved 1114112K
  class space    used 5091K, committed 5248K, reserved 1048576K
GC Heap History (16 events):
Event: 2.103 GC heap before
{Heap before GC invocations=0 (full 0):
 garbage-first heap   total 131072K, used 28672K [0x0000000080000000, 0x0000000100000000)
  region size 1024K, 23 young (23552K), 0 survivors (0K)
 Metaspace       used 10292K, committed 10496K, reserved 1114112K
  class space    used 1064K, committed 1152K, reserved 1048576K
}
Event: 2.115 GC heap after
{Heap after GC invocations=1 (full 0):
 garbage-first heap   total 131072K, used 9089K [0x0000000080000000, 0x0000000100000000)
  region size 1024K, 3 young (3072K), 3 survivors (3072K)
 Metaspace       used 10292K, committed 10496K, reserved 1114112K
  class space    used 1064K, committed 1152K, reserved 1048576K
}
Event: 3.218 GC heap before
{Heap before GC invocations=1 (full 0):
 garbage-first heap   total 131072K, used 36737K [0x0000000080000000, 0x0000000100000000)
  region size 1024K, 30 young (30720K), 3 survivors (3072K)
 Metaspace       used 11247K, committed 11456K, reserved 1114112K
  class space    used 1165K, committed 1280K, reserved 1048576K
}
Event: 3.226 GC heap after
{Heap after GC invocations=2 (full 0):
 garbage-first heap   total 131072K, used 12736K [0x0000000080000000, 0x0000000100000000)
  region size 1024K, 4 young (4096K), 4 survivors (4096K)
 Metaspace       used 11247K, committed 11456K, reserved 1114112K
  class space    used 1165K, committed 1280K, reserved 1048576K
}
Event: 6.056 GC heap before
{Heap before GC invocations=2 (full 0):
 garbage-first heap   total 131072K, used 50624K [0x0000000080000000, 0x0000000100000000)
  region size 1024K, 43 young (44032K), 4 survivors (4096K)
 Metaspace       used 21262K, committed 21504K, reserved 1114112K
  class space    used 2549K, committed 2688K, reserved 1048576K
}
Event: 6.074 GC heap after
{Heap after GC invocations=3 (full 0):
 garbage-first heap   total 131072K, used 17626K [0x0000000080000000, 0x0000000100000000)
  region size 1024K, 9 young (9216K), 9 survivors (9216K)
 Metaspace       used 21262K, committed 21504K, reserved 1114112K
  class space    used 2549K, committed 2688K, reserved 1048576K
}
Event: 7.476 GC heap before
{Heap before GC invocations=4 (full 0):
 garbage-first heap   total 65536K, used 47322K [0x0000000080000000, 0x0000000100000000)
  region size 1024K, 38 young (38912K), 9 survivors (9216K)
 Metaspace       used 26196K, committed 26432K, reserved 1114112K
  class space    used 3417K, committed 3520K, reserved 1048576K
}
Event: 7.486 GC heap after
{Heap after GC invocations=5 (full 0):
 garbage-first heap   total 65536K, used 19444K [0x0000000080000000, 0x0000000100000000)
  region size 1024K, 2 young (2048K), 2 survivors (2048K)
 Metaspace       used 26196K, committed 26432K, reserved 1114112K
  class space    used 3417K, committed 3520K, reserved 1048576K
}
Event: 7.526 GC heap before
{Heap before GC invocations=5 (full 0):
 garbage-first heap   total 65536K, used 20468K [0x0000000080000000, 0x0000000100000000)
  region size 1024K, 3 young (3072K), 2 survivors (2048K)
 Metaspace       used 26371K, committed 26624K, reserved 1114112K
  class space    used 3444K, committed 3584K, reserved 1048576K
}
Event: 7.532 GC heap after
{Heap after GC invocations=6 (full 0):
 garbage-first heap   total 65536K, used 19472K [0x0000000080000000, 0x0000000100000000)
  region size 1024K, 1 young (1024K), 1 survivors (1024K)
 Metaspace       used 26371K, committed 26624K, reserved 1114112K
  class space    used 3444K, committed 3584K, reserved 1048576K
}
Event: 8.543 GC heap before
{Heap before GC invocations=6 (full 0):
 garbage-first heap   total 65536K, used 45072K [0x0000000080000000, 0x0000000100000000)
  region size 1024K, 26 young (26624K), 1 survivors (1024K)
 Metaspace       used 30443K, committed 30848K, reserved 1114112K
  class space    used 4099K, committed 4288K, reserved 1048576K
}
Event: 8.547 GC heap after
{Heap after GC invocations=7 (full 0):
 garbage-first heap   total 65536K, used 20693K [0x0000000080000000, 0x0000000100000000)
  region size 1024K, 2 young (2048K), 2 survivors (2048K)
 Metaspace       used 30443K, committed 30848K, reserved 1114112K
  class space    used 4099K, committed 4288K, reserved 1048576K
}
Event: 9.693 GC heap before
{Heap before GC invocations=7 (full 0):
 garbage-first heap   total 65536K, used 47317K [0x0000000080000000, 0x0000000100000000)
  region size 1024K, 28 young (28672K), 2 survivors (2048K)
 Metaspace       used 35039K, committed 35456K, reserved 1114112K
  class space    used 4816K, committed 4992K, reserved 1048576K
}
Event: 9.698 GC heap after
{Heap after GC invocations=8 (full 0):
 garbage-first heap   total 65536K, used 22533K [0x0000000080000000, 0x0000000100000000)
  region size 1024K, 4 young (4096K), 4 survivors (4096K)
 Metaspace       used 35039K, committed 35456K, reserved 1114112K
  class space    used 4816K, committed 4992K, reserved 1048576K
}
Event: 9.848 GC heap before
{Heap before GC invocations=8 (full 0):
 garbage-first heap   total 65536K, used 23557K [0x0000000080000000, 0x0000000100000000)
  region size 1024K, 7 young (7168K), 4 survivors (4096K)
 Metaspace       used 35646K, committed 35968K, reserved 1114112K
  class space    used 4861K, committed 4992K, reserved 1048576K
}
Event: 9.853 GC heap after
{Heap after GC invocations=9 (full 0):
 garbage-first heap   total 65536K, used 22952K [0x0000000080000000, 0x0000000100000000)
  region size 1024K, 3 young (3072K), 3 survivors (3072K)
 Metaspace       used 35646K, committed 35968K, reserved 1114112K
  class space    used 4861K, committed 4992K, reserved 1048576K
}

