# JRE version: OpenJDK Runtime Environment JBR-17.0.8.1+7-1063.1-nomod (17.0.8.1+7) (build 17.0.8.1+7-b1063.1)
# Java VM: OpenJDK 64-Bit Server VM JBR-17.0.8.1+7-1063.1-nomod (17.0.8.1+7-b1063.1, mixed mode, tiered, compressed oops, compressed class ptrs, g1 gc, windows-amd64)
GC Precious Log:
 CPUs: 8 total, 8 available
 Memory: 8075M
 Large Page Support: Disabled
 NUMA Support: Disabled
 Compressed Oops: Enabled (32-bit)
 Heap Region Size: 1M
 Heap Min Capacity: 8M
 Heap Initial Capacity: 128M
 Heap Max Capacity: 1G
 Pre-touch: Disabled
 Parallel Workers: 8
 Concurrent Workers: 2
 Concurrent Refinement Workers: 8
 Periodic GC: Disabled
Heap:
 garbage-first heap   total 227328K, used 144829K [0x00000000c0000000, 0x0000000100000000)
  region size 1024K, 22 young (22528K), 1 survivors (1024K)
 Metaspace       used 71368K, committed 72064K, reserved 1114112K
  class space    used 9459K, committed 9792K, reserved 1048576K
GC Heap History (20 events):
Event: 6.554 GC heap before
{Heap before GC invocations=23 (full 0):
 garbage-first heap   total 150528K, used 95678K [0x00000000c0000000, 0x0000000100000000)
  region size 1024K, 12 young (12288K), 3 survivors (3072K)
 Metaspace       used 49868K, committed 50304K, reserved 1114112K
  class space    used 6595K, committed 6784K, reserved 1048576K
}
Event: 6.557 GC heap after
{Heap after GC invocations=24 (full 0):
 garbage-first heap   total 181248K, used 89211K [0x00000000c0000000, 0x0000000100000000)
  region size 1024K, 1 young (1024K), 1 survivors (1024K)
 Metaspace       used 49868K, committed 50304K, reserved 1114112K
  class space    used 6595K, committed 6784K, reserved 1048576K
}
Event: 7.359 GC heap before
{Heap before GC invocations=25 (full 0):
 garbage-first heap   total 181248K, used 137339K [0x00000000c0000000, 0x0000000100000000)
  region size 1024K, 43 young (44032K), 1 survivors (1024K)
 Metaspace       used 53588K, committed 54144K, reserved 1114112K
  class space    used 7162K, committed 7424K, reserved 1048576K
}
Event: 7.364 GC heap after
{Heap after GC invocations=26 (full 0):
 garbage-first heap   total 181248K, used 97689K [0x00000000c0000000, 0x0000000100000000)
  region size 1024K, 4 young (4096K), 4 survivors (4096K)
 Metaspace       used 53588K, committed 54144K, reserved 1114112K
  class space    used 7162K, committed 7424K, reserved 1048576K
}
Event: 7.666 GC heap before
{Heap before GC invocations=26 (full 0):
 garbage-first heap   total 181248K, used 114073K [0x00000000c0000000, 0x0000000100000000)
  region size 1024K, 22 young (22528K), 4 survivors (4096K)
 Metaspace       used 53859K, committed 54400K, reserved 1114112K
  class space    used 7172K, committed 7424K, reserved 1048576K
}
Event: 7.670 GC heap after
{Heap after GC invocations=27 (full 0):
 garbage-first heap   total 181248K, used 98770K [0x00000000c0000000, 0x0000000100000000)
  region size 1024K, 2 young (2048K), 2 survivors (2048K)
 Metaspace       used 53859K, committed 54400K, reserved 1114112K
  class space    used 7172K, committed 7424K, reserved 1048576K
}
Event: 7.769 GC heap before
{Heap before GC invocations=28 (full 0):
 garbage-first heap   total 181248K, used 109010K [0x00000000c0000000, 0x0000000100000000)
  region size 1024K, 10 young (10240K), 2 survivors (2048K)
 Metaspace       used 54299K, committed 54848K, reserved 1114112K
  class space    used 7242K, committed 7488K, reserved 1048576K
}
Event: 7.771 GC heap after
{Heap after GC invocations=29 (full 0):
 garbage-first heap   total 181248K, used 106104K [0x00000000c0000000, 0x0000000100000000)
  region size 1024K, 5 young (5120K), 5 survivors (5120K)
 Metaspace       used 54299K, committed 54848K, reserved 1114112K
  class space    used 7242K, committed 7488K, reserved 1048576K
}
Event: 8.133 GC heap before
{Heap before GC invocations=30 (full 0):
 garbage-first heap   total 196608K, used 135800K [0x00000000c0000000, 0x0000000100000000)
  region size 1024K, 30 young (30720K), 5 survivors (5120K)
 Metaspace       used 57306K, committed 57984K, reserved 1114112K
  class space    used 7635K, committed 7936K, reserved 1048576K
}
Event: 8.136 GC heap after
{Heap after GC invocations=31 (full 0):
 garbage-first heap   total 196608K, used 113772K [0x00000000c0000000, 0x0000000100000000)
  region size 1024K, 4 young (4096K), 4 survivors (4096K)
 Metaspace       used 57306K, committed 57984K, reserved 1114112K
  class space    used 7635K, committed 7936K, reserved 1048576K
}
Event: 8.671 GC heap before
{Heap before GC invocations=31 (full 0):
 garbage-first heap   total 196608K, used 143468K [0x00000000c0000000, 0x0000000100000000)
  region size 1024K, 33 young (33792K), 4 survivors (4096K)
 Metaspace       used 62497K, committed 63168K, reserved 1114112K
  class space    used 8326K, committed 8640K, reserved 1048576K
}
Event: 8.675 GC heap after
{Heap after GC invocations=32 (full 0):
 garbage-first heap   total 196608K, used 115474K [0x00000000c0000000, 0x0000000100000000)
  region size 1024K, 2 young (2048K), 2 survivors (2048K)
 Metaspace       used 62497K, committed 63168K, reserved 1114112K
  class space    used 8326K, committed 8640K, reserved 1048576K
}
Event: 8.847 GC heap before
{Heap before GC invocations=33 (full 0):
 garbage-first heap   total 199680K, used 119570K [0x00000000c0000000, 0x0000000100000000)
  region size 1024K, 7 young (7168K), 2 survivors (2048K)
 Metaspace       used 63804K, committed 64448K, reserved 1114112K
  class space    used 8468K, committed 8704K, reserved 1048576K
}
Event: 8.850 GC heap after
{Heap after GC invocations=34 (full 0):
 garbage-first heap   total 199680K, used 116612K [0x00000000c0000000, 0x0000000100000000)
  region size 1024K, 3 young (3072K), 3 survivors (3072K)
 Metaspace       used 63804K, committed 64448K, reserved 1114112K
  class space    used 8468K, committed 8704K, reserved 1048576K
}
Event: 9.315 GC heap before
{Heap before GC invocations=35 (full 0):
 garbage-first heap   total 227328K, used 155524K [0x00000000c0000000, 0x0000000100000000)
  region size 1024K, 35 young (35840K), 3 survivors (3072K)
 Metaspace       used 66040K, committed 66624K, reserved 1114112K
  class space    used 8769K, committed 9024K, reserved 1048576K
}
Event: 9.321 GC heap after
{Heap after GC invocations=36 (full 0):
 garbage-first heap   total 227328K, used 119463K [0x00000000c0000000, 0x0000000100000000)
  region size 1024K, 5 young (5120K), 5 survivors (5120K)
 Metaspace       used 66040K, committed 66624K, reserved 1114112K
  class space    used 8769K, committed 9024K, reserved 1048576K
}
Event: 9.543 GC heap before
{Heap before GC invocations=36 (full 0):
 garbage-first heap   total 227328K, used 135847K [0x00000000c0000000, 0x0000000100000000)
  region size 1024K, 22 young (22528K), 5 survivors (5120K)
 Metaspace       used 67442K, committed 68096K, reserved 1114112K
  class space    used 8925K, committed 9216K, reserved 1048576K
}
Event: 9.550 GC heap after
{Heap after GC invocations=37 (full 0):
 garbage-first heap   total 227328K, used 121376K [0x00000000c0000000, 0x0000000100000000)
  region size 1024K, 2 young (2048K), 2 survivors (2048K)
 Metaspace       used 67442K, committed 68096K, reserved 1114112K
  class space    used 8925K, committed 9216K, reserved 1048576K
}
Event: 10.219 GC heap before
{Heap before GC invocations=38 (full 0):
 garbage-first heap   total 227328K, used 169504K [0x00000000c0000000, 0x0000000100000000)
  region size 1024K, 48 young (49152K), 2 survivors (2048K)
 Metaspace       used 71286K, committed 72000K, reserved 1114112K
  class space    used 9450K, committed 9792K, reserved 1048576K
}
Event: 10.225 GC heap after
{Heap after GC invocations=39 (full 0):
 garbage-first heap   total 227328K, used 124086K [0x00000000c0000000, 0x0000000100000000)
  region size 1024K, 5 young (5120K), 5 survivors (5120K)
 Metaspace       used 71286K, committed 72000K, reserved 1114112K
  class space    used 9450K, committed 9792K, reserved 1048576K
}

