# JRE version: OpenJDK Runtime Environment JBR-17.0.8.1+7-1063.1-nomod (17.0.8.1+7) (build 17.0.8.1+7-b1063.1)
# Java VM: OpenJDK 64-Bit Server VM JBR-17.0.8.1+7-1063.1-nomod (17.0.8.1+7-b1063.1, mixed mode, tiered, compressed oops, compressed class ptrs, g1 gc, windows-amd64)
GC Precious Log:
 CPUs: 8 total, 8 available
 Memory: 8075M
 Large Page Support: Disabled
 NUMA Support: Disabled
 Compressed Oops: Enabled (32-bit)
 Heap Region Size: 1M
 Heap Min Capacity: 8M
 Heap Initial Capacity: 128M
 Heap Max Capacity: 2G
 Pre-touch: Disabled
 Parallel Workers: 8
 Concurrent Workers: 2
 Concurrent Refinement Workers: 8
 Periodic GC: Disabled
Heap:
 garbage-first heap   total 207872K, used 152302K [0x0000000080000000, 0x0000000100000000)
  region size 1024K, 19 young (19456K), 4 survivors (4096K)
 Metaspace       used 109755K, committed 110656K, reserved 1179648K
  class space    used 14811K, committed 15232K, reserved 1048576K
GC Heap History (20 events):
Event: 34.250 GC heap before
{Heap before GC invocations=46 (full 0):
 garbage-first heap   total 207872K, used 111930K [0x0000000080000000, 0x0000000100000000)
  region size 1024K, 10 young (10240K), 8 survivors (8192K)
 Metaspace       used 98771K, committed 99520K, reserved 1179648K
  class space    used 13432K, committed 13760K, reserved 1048576K
}
Event: 34.262 GC heap after
{Heap after GC invocations=47 (full 0):
 garbage-first heap   total 207872K, used 111102K [0x0000000080000000, 0x0000000100000000)
  region size 1024K, 1 young (1024K), 1 survivors (1024K)
 Metaspace       used 98771K, committed 99520K, reserved 1179648K
  class space    used 13432K, committed 13760K, reserved 1048576K
}
Event: 35.358 GC heap before
{Heap before GC invocations=47 (full 0):
 garbage-first heap   total 207872K, used 171518K [0x0000000080000000, 0x0000000100000000)
  region size 1024K, 61 young (62464K), 1 survivors (1024K)
 Metaspace       used 98937K, committed 99648K, reserved 1179648K
  class space    used 13449K, committed 13760K, reserved 1048576K
}
Event: 35.365 GC heap after
{Heap after GC invocations=48 (full 0):
 garbage-first heap   total 207872K, used 113117K [0x0000000080000000, 0x0000000100000000)
  region size 1024K, 3 young (3072K), 3 survivors (3072K)
 Metaspace       used 98937K, committed 99648K, reserved 1179648K
  class space    used 13449K, committed 13760K, reserved 1048576K
}
Event: 40.856 GC heap before
{Heap before GC invocations=48 (full 0):
 garbage-first heap   total 207872K, used 172509K [0x0000000080000000, 0x0000000100000000)
  region size 1024K, 62 young (63488K), 3 survivors (3072K)
 Metaspace       used 99955K, committed 100672K, reserved 1179648K
  class space    used 13575K, committed 13888K, reserved 1048576K
}
Event: 40.868 GC heap after
{Heap after GC invocations=49 (full 0):
 garbage-first heap   total 207872K, used 118685K [0x0000000080000000, 0x0000000100000000)
  region size 1024K, 8 young (8192K), 8 survivors (8192K)
 Metaspace       used 99955K, committed 100672K, reserved 1179648K
  class space    used 13575K, committed 13888K, reserved 1048576K
}
Event: 41.876 GC heap before
{Heap before GC invocations=49 (full 0):
 garbage-first heap   total 207872K, used 171933K [0x0000000080000000, 0x0000000100000000)
  region size 1024K, 61 young (62464K), 8 survivors (8192K)
 Metaspace       used 100326K, committed 100992K, reserved 1179648K
  class space    used 13608K, committed 13888K, reserved 1048576K
}
Event: 41.887 GC heap after
{Heap after GC invocations=50 (full 0):
 garbage-first heap   total 207872K, used 120415K [0x0000000080000000, 0x0000000100000000)
  region size 1024K, 4 young (4096K), 4 survivors (4096K)
 Metaspace       used 100326K, committed 100992K, reserved 1179648K
  class space    used 13608K, committed 13888K, reserved 1048576K
}
Event: 44.394 GC heap before
{Heap before GC invocations=50 (full 0):
 garbage-first heap   total 207872K, used 179807K [0x0000000080000000, 0x0000000100000000)
  region size 1024K, 48 young (49152K), 4 survivors (4096K)
 Metaspace       used 102365K, committed 103168K, reserved 1179648K
  class space    used 13877K, committed 14272K, reserved 1048576K
}
Event: 44.401 GC heap after
{Heap after GC invocations=51 (full 0):
 garbage-first heap   total 207872K, used 132628K [0x0000000080000000, 0x0000000100000000)
  region size 1024K, 6 young (6144K), 6 survivors (6144K)
 Metaspace       used 102365K, committed 103168K, reserved 1179648K
  class space    used 13877K, committed 14272K, reserved 1048576K
}
Event: 44.972 GC heap before
{Heap before GC invocations=51 (full 0):
 garbage-first heap   total 207872K, used 157204K [0x0000000080000000, 0x0000000100000000)
  region size 1024K, 18 young (18432K), 6 survivors (6144K)
 Metaspace       used 103710K, committed 104448K, reserved 1179648K
  class space    used 14049K, committed 14400K, reserved 1048576K
}
Event: 44.979 GC heap after
{Heap after GC invocations=52 (full 0):
 garbage-first heap   total 207872K, used 127805K [0x0000000080000000, 0x0000000100000000)
  region size 1024K, 4 young (4096K), 4 survivors (4096K)
 Metaspace       used 103710K, committed 104448K, reserved 1179648K
  class space    used 14049K, committed 14400K, reserved 1048576K
}
Event: 189.612 GC heap before
{Heap before GC invocations=52 (full 0):
 garbage-first heap   total 207872K, used 185149K [0x0000000080000000, 0x0000000100000000)
  region size 1024K, 49 young (50176K), 4 survivors (4096K)
 Metaspace       used 108626K, committed 109504K, reserved 1179648K
  class space    used 14753K, committed 15168K, reserved 1048576K
}
Event: 189.619 GC heap after
{Heap after GC invocations=53 (full 0):
 garbage-first heap   total 207872K, used 126038K [0x0000000080000000, 0x0000000100000000)
  region size 1024K, 6 young (6144K), 6 survivors (6144K)
 Metaspace       used 108626K, committed 109504K, reserved 1179648K
  class space    used 14753K, committed 15168K, reserved 1048576K
}
Event: 1098.606 GC heap before
{Heap before GC invocations=53 (full 0):
 garbage-first heap   total 207872K, used 173142K [0x0000000080000000, 0x0000000100000000)
  region size 1024K, 53 young (54272K), 6 survivors (6144K)
 Metaspace       used 109081K, committed 109952K, reserved 1179648K
  class space    used 14776K, committed 15168K, reserved 1048576K
}
Event: 1098.618 GC heap after
{Heap after GC invocations=54 (full 0):
 garbage-first heap   total 207872K, used 128636K [0x0000000080000000, 0x0000000100000000)
  region size 1024K, 6 young (6144K), 6 survivors (6144K)
 Metaspace       used 109081K, committed 109952K, reserved 1179648K
  class space    used 14776K, committed 15168K, reserved 1048576K
}
Event: 1100.524 GC heap before
{Heap before GC invocations=54 (full 0):
 garbage-first heap   total 207872K, used 175740K [0x0000000080000000, 0x0000000100000000)
  region size 1024K, 52 young (53248K), 6 survivors (6144K)
 Metaspace       used 109542K, committed 110464K, reserved 1179648K
  class space    used 14803K, committed 15232K, reserved 1048576K
}
Event: 1100.539 GC heap after
{Heap after GC invocations=55 (full 0):
 garbage-first heap   total 207872K, used 134548K [0x0000000080000000, 0x0000000100000000)
  region size 1024K, 7 young (7168K), 7 survivors (7168K)
 Metaspace       used 109542K, committed 110464K, reserved 1179648K
  class space    used 14803K, committed 15232K, reserved 1048576K
}
Event: 1102.058 GC heap before
{Heap before GC invocations=55 (full 0):
 garbage-first heap   total 207872K, used 173460K [0x0000000080000000, 0x0000000100000000)
  region size 1024K, 46 young (47104K), 7 survivors (7168K)
 Metaspace       used 109683K, committed 110656K, reserved 1179648K
  class space    used 14808K, committed 15232K, reserved 1048576K
}
Event: 1102.071 GC heap after
{Heap after GC invocations=56 (full 0):
 garbage-first heap   total 207872K, used 137966K [0x0000000080000000, 0x0000000100000000)
  region size 1024K, 4 young (4096K), 4 survivors (4096K)
 Metaspace       used 109683K, committed 110656K, reserved 1179648K
  class space    used 14808K, committed 15232K, reserved 1048576K
}

