# JRE version: OpenJDK Runtime Environment JBR-17.0.8.1+7-1063.1-nomod (17.0.8.1+7) (build 17.0.8.1+7-b1063.1)
# Java VM: OpenJDK 64-Bit Server VM JBR-17.0.8.1+7-1063.1-nomod (17.0.8.1+7-b1063.1, mixed mode, tiered, compressed oops, compressed class ptrs, g1 gc, windows-amd64)
GC Precious Log:
 CPUs: 8 total, 8 available
 Memory: 8075M
 Large Page Support: Disabled
 NUMA Support: Disabled
 Compressed Oops: Enabled (32-bit)
 Heap Region Size: 1M
 Heap Min Capacity: 8M
 Heap Initial Capacity: 128M
 Heap Max Capacity: 1G
 Pre-touch: Disabled
 Parallel Workers: 8
 Concurrent Workers: 2
 Concurrent Refinement Workers: 8
 Periodic GC: Disabled
Heap:
 garbage-first heap   total 131072K, used 59080K [0x00000000c0000000, 0x0000000100000000)
  region size 1024K, 3 young (3072K), 3 survivors (3072K)
 Metaspace       used 41618K, committed 42048K, reserved 1114112K
  class space    used 5553K, committed 5760K, reserved 1048576K
GC Heap History (20 events):
Event: 2.352 GC heap after
{Heap after GC invocations=5 (full 0):
 garbage-first heap   total 65536K, used 19304K [0x00000000c0000000, 0x0000000100000000)
  region size 1024K, 2 young (2048K), 2 survivors (2048K)
 Metaspace       used 26221K, committed 26560K, reserved 1114112K
  class space    used 3406K, committed 3584K, reserved 1048576K
}
Event: 2.369 GC heap before
{Heap before GC invocations=5 (full 0):
 garbage-first heap   total 65536K, used 20328K [0x00000000c0000000, 0x0000000100000000)
  region size 1024K, 3 young (3072K), 2 survivors (2048K)
 Metaspace       used 26321K, committed 26688K, reserved 1114112K
  class space    used 3425K, committed 3584K, reserved 1048576K
}
Event: 2.372 GC heap after
{Heap after GC invocations=6 (full 0):
 garbage-first heap   total 65536K, used 19479K [0x00000000c0000000, 0x0000000100000000)
  region size 1024K, 1 young (1024K), 1 survivors (1024K)
 Metaspace       used 26321K, committed 26688K, reserved 1114112K
  class space    used 3425K, committed 3584K, reserved 1048576K
}
Event: 2.707 GC heap before
{Heap before GC invocations=6 (full 0):
 garbage-first heap   total 65536K, used 49175K [0x00000000c0000000, 0x0000000100000000)
  region size 1024K, 22 young (22528K), 1 survivors (1024K)
 Metaspace       used 29338K, committed 29696K, reserved 1114112K
  class space    used 3955K, committed 4096K, reserved 1048576K
}
Event: 2.710 GC heap after
{Heap after GC invocations=7 (full 0):
 garbage-first heap   total 65536K, used 33154K [0x00000000c0000000, 0x0000000100000000)
  region size 1024K, 4 young (4096K), 4 survivors (4096K)
 Metaspace       used 29338K, committed 29696K, reserved 1114112K
  class space    used 3955K, committed 4096K, reserved 1048576K
}
Event: 2.745 GC heap before
{Heap before GC invocations=8 (full 0):
 garbage-first heap   total 78848K, used 45442K [0x00000000c0000000, 0x0000000100000000)
  region size 1024K, 5 young (5120K), 4 survivors (4096K)
 Metaspace       used 29345K, committed 29696K, reserved 1114112K
  class space    used 3957K, committed 4096K, reserved 1048576K
}
Event: 2.747 GC heap after
{Heap after GC invocations=9 (full 0):
 garbage-first heap   total 78848K, used 45855K [0x00000000c0000000, 0x0000000100000000)
  region size 1024K, 1 young (1024K), 1 survivors (1024K)
 Metaspace       used 29345K, committed 29696K, reserved 1114112K
  class space    used 3957K, committed 4096K, reserved 1048576K
}
Event: 3.012 GC heap before
{Heap before GC invocations=10 (full 0):
 garbage-first heap   total 89088K, used 64287K [0x00000000c0000000, 0x0000000100000000)
  region size 1024K, 15 young (15360K), 1 survivors (1024K)
 Metaspace       used 31228K, committed 31616K, reserved 1114112K
  class space    used 4260K, committed 4416K, reserved 1048576K
}
Event: 3.013 GC heap after
{Heap after GC invocations=11 (full 0):
 garbage-first heap   total 89088K, used 51997K [0x00000000c0000000, 0x0000000100000000)
  region size 1024K, 2 young (2048K), 2 survivors (2048K)
 Metaspace       used 31228K, committed 31616K, reserved 1114112K
  class space    used 4260K, committed 4416K, reserved 1048576K
}
Event: 3.038 GC heap before
{Heap before GC invocations=11 (full 0):
 garbage-first heap   total 89088K, used 53021K [0x00000000c0000000, 0x0000000100000000)
  region size 1024K, 4 young (4096K), 2 survivors (2048K)
 Metaspace       used 31450K, committed 31872K, reserved 1114112K
  class space    used 4297K, committed 4480K, reserved 1048576K
}
Event: 3.040 GC heap after
{Heap after GC invocations=12 (full 0):
 garbage-first heap   total 89088K, used 52381K [0x00000000c0000000, 0x0000000100000000)
  region size 1024K, 1 young (1024K), 1 survivors (1024K)
 Metaspace       used 31450K, committed 31872K, reserved 1114112K
  class space    used 4297K, committed 4480K, reserved 1048576K
}
Event: 3.256 GC heap before
{Heap before GC invocations=12 (full 0):
 garbage-first heap   total 89088K, used 67741K [0x00000000c0000000, 0x0000000100000000)
  region size 1024K, 16 young (16384K), 1 survivors (1024K)
 Metaspace       used 33556K, committed 33920K, reserved 1114112K
  class space    used 4654K, committed 4800K, reserved 1048576K
}
Event: 3.257 GC heap after
{Heap after GC invocations=13 (full 0):
 garbage-first heap   total 89088K, used 53069K [0x00000000c0000000, 0x0000000100000000)
  region size 1024K, 1 young (1024K), 1 survivors (1024K)
 Metaspace       used 33556K, committed 33920K, reserved 1114112K
  class space    used 4654K, committed 4800K, reserved 1048576K
}
Event: 3.584 GC heap before
{Heap before GC invocations=14 (full 0):
 garbage-first heap   total 92160K, used 69453K [0x00000000c0000000, 0x0000000100000000)
  region size 1024K, 17 young (17408K), 1 survivors (1024K)
 Metaspace       used 36865K, committed 37248K, reserved 1114112K
  class space    used 5068K, committed 5248K, reserved 1048576K
}
Event: 3.586 GC heap after
{Heap after GC invocations=15 (full 0):
 garbage-first heap   total 92160K, used 54403K [0x00000000c0000000, 0x0000000100000000)
  region size 1024K, 3 young (3072K), 3 survivors (3072K)
 Metaspace       used 36865K, committed 37248K, reserved 1114112K
  class space    used 5068K, committed 5248K, reserved 1048576K
}
Event: 3.884 GC heap before
{Heap before GC invocations=15 (full 0):
 garbage-first heap   total 92160K, used 70787K [0x00000000c0000000, 0x0000000100000000)
  region size 1024K, 20 young (20480K), 3 survivors (3072K)
 Metaspace       used 41163K, committed 41600K, reserved 1114112K
  class space    used 5507K, committed 5696K, reserved 1048576K
}
Event: 3.888 GC heap after
{Heap after GC invocations=16 (full 0):
 garbage-first heap   total 92160K, used 56792K [0x00000000c0000000, 0x0000000100000000)
  region size 1024K, 3 young (3072K), 3 survivors (3072K)
 Metaspace       used 41163K, committed 41600K, reserved 1114112K
  class space    used 5507K, committed 5696K, reserved 1048576K
}
Event: 4.002 GC heap before
{Heap before GC invocations=17 (full 0):
 garbage-first heap   total 106496K, used 74200K [0x00000000c0000000, 0x0000000100000000)
  region size 1024K, 20 young (20480K), 3 survivors (3072K)
 Metaspace       used 41494K, committed 41920K, reserved 1114112K
  class space    used 5545K, committed 5760K, reserved 1048576K
}
Event: 4.006 GC heap after
{Heap after GC invocations=18 (full 0):
 garbage-first heap   total 106496K, used 58381K [0x00000000c0000000, 0x0000000100000000)
  region size 1024K, 2 young (2048K), 2 survivors (2048K)
 Metaspace       used 41494K, committed 41920K, reserved 1114112K
  class space    used 5545K, committed 5760K, reserved 1048576K
}
Event: 4.020 GC heap before
{Heap before GC invocations=18 (full 0):
 garbage-first heap   total 106496K, used 59405K [0x00000000c0000000, 0x0000000100000000)
  region size 1024K, 5 young (5120K), 2 survivors (2048K)
 Metaspace       used 41618K, committed 42048K, reserved 1114112K
  class space    used 5553K, committed 5760K, reserved 1048576K
}

