# JRE version: OpenJDK Runtime Environment JBR-17.0.8.1+7-1063.1-nomod (17.0.8.1+7) (build 17.0.8.1+7-b1063.1)
# Java VM: OpenJDK 64-Bit Server VM JBR-17.0.8.1+7-1063.1-nomod (17.0.8.1+7-b1063.1, mixed mode, tiered, compressed oops, compressed class ptrs, g1 gc, windows-amd64)
GC Precious Log:
 CPUs: 8 total, 8 available
 Memory: 8075M
 Large Page Support: Disabled
 NUMA Support: Disabled
 Compressed Oops: Enabled (32-bit)
 Heap Region Size: 1M
 Heap Min Capacity: 8M
 Heap Initial Capacity: 128M
 Heap Max Capacity: 2G
 Pre-touch: Disabled
 Parallel Workers: 8
 Concurrent Workers: 2
 Concurrent Refinement Workers: 8
 Periodic GC: Disabled
Heap:
 garbage-first heap   total 208896K, used 149186K [0x0000000080000000, 0x0000000100000000)
  region size 1024K, 23 young (23552K), 5 survivors (5120K)
 Metaspace       used 104810K, committed 105728K, reserved 1179648K
  class space    used 14212K, committed 14656K, reserved 1048576K
GC Heap History (20 events):
Event: 21.988 GC heap before
{Heap before GC invocations=39 (full 0):
 garbage-first heap   total 208896K, used 156082K [0x0000000080000000, 0x0000000100000000)
  region size 1024K, 70 young (71680K), 2 survivors (2048K)
 Metaspace       used 89135K, committed 89920K, reserved 1179648K
  class space    used 12334K, committed 12672K, reserved 1048576K
}
Event: 21.999 GC heap after
{Heap after GC invocations=40 (full 0):
 garbage-first heap   total 208896K, used 95476K [0x0000000080000000, 0x0000000100000000)
  region size 1024K, 9 young (9216K), 9 survivors (9216K)
 Metaspace       used 89135K, committed 89920K, reserved 1179648K
  class space    used 12334K, committed 12672K, reserved 1048576K
}
Event: 23.006 GC heap before
{Heap before GC invocations=40 (full 0):
 garbage-first heap   total 208896K, used 158964K [0x0000000080000000, 0x0000000100000000)
  region size 1024K, 72 young (73728K), 9 survivors (9216K)
 Metaspace       used 89652K, committed 90368K, reserved 1179648K
  class space    used 12357K, committed 12672K, reserved 1048576K
}
Event: 23.019 GC heap after
{Heap after GC invocations=41 (full 0):
 garbage-first heap   total 208896K, used 99696K [0x0000000080000000, 0x0000000100000000)
  region size 1024K, 5 young (5120K), 5 survivors (5120K)
 Metaspace       used 89652K, committed 90368K, reserved 1179648K
  class space    used 12357K, committed 12672K, reserved 1048576K
}
Event: 24.378 GC heap before
{Heap before GC invocations=41 (full 0):
 garbage-first heap   total 208896K, used 163184K [0x0000000080000000, 0x0000000100000000)
  region size 1024K, 68 young (69632K), 5 survivors (5120K)
 Metaspace       used 90571K, committed 91264K, reserved 1179648K
  class space    used 12494K, committed 12800K, reserved 1048576K
}
Event: 24.388 GC heap after
{Heap after GC invocations=42 (full 0):
 garbage-first heap   total 208896K, used 103046K [0x0000000080000000, 0x0000000100000000)
  region size 1024K, 8 young (8192K), 8 survivors (8192K)
 Metaspace       used 90571K, committed 91264K, reserved 1179648K
  class space    used 12494K, committed 12800K, reserved 1048576K
}
Event: 25.186 GC heap before
{Heap before GC invocations=42 (full 0):
 garbage-first heap   total 208896K, used 167558K [0x0000000080000000, 0x0000000100000000)
  region size 1024K, 72 young (73728K), 8 survivors (8192K)
 Metaspace       used 90856K, committed 91584K, reserved 1179648K
  class space    used 12525K, committed 12864K, reserved 1048576K
}
Event: 25.198 GC heap after
{Heap after GC invocations=43 (full 0):
 garbage-first heap   total 208896K, used 106934K [0x0000000080000000, 0x0000000100000000)
  region size 1024K, 8 young (8192K), 8 survivors (8192K)
 Metaspace       used 90856K, committed 91584K, reserved 1179648K
  class space    used 12525K, committed 12864K, reserved 1048576K
}
Event: 27.246 GC heap before
{Heap before GC invocations=43 (full 0):
 garbage-first heap   total 208896K, used 169398K [0x0000000080000000, 0x0000000100000000)
  region size 1024K, 70 young (71680K), 8 survivors (8192K)
 Metaspace       used 95822K, committed 96512K, reserved 1179648K
  class space    used 13178K, committed 13504K, reserved 1048576K
}
Event: 27.258 GC heap after
{Heap after GC invocations=44 (full 0):
 garbage-first heap   total 208896K, used 110871K [0x0000000080000000, 0x0000000100000000)
  region size 1024K, 8 young (8192K), 8 survivors (8192K)
 Metaspace       used 95822K, committed 96512K, reserved 1179648K
  class space    used 13178K, committed 13504K, reserved 1048576K
}
Event: 28.475 GC heap before
{Heap before GC invocations=44 (full 0):
 garbage-first heap   total 208896K, used 171287K [0x0000000080000000, 0x0000000100000000)
  region size 1024K, 68 young (69632K), 8 survivors (8192K)
 Metaspace       used 98319K, committed 99136K, reserved 1179648K
  class space    used 13507K, committed 13888K, reserved 1048576K
}
Event: 28.491 GC heap after
{Heap after GC invocations=45 (full 0):
 garbage-first heap   total 208896K, used 115669K [0x0000000080000000, 0x0000000100000000)
  region size 1024K, 9 young (9216K), 9 survivors (9216K)
 Metaspace       used 98319K, committed 99136K, reserved 1179648K
  class space    used 13507K, committed 13888K, reserved 1048576K
}
Event: 29.281 GC heap before
{Heap before GC invocations=45 (full 0):
 garbage-first heap   total 208896K, used 171989K [0x0000000080000000, 0x0000000100000000)
  region size 1024K, 65 young (66560K), 9 survivors (9216K)
 Metaspace       used 98437K, committed 99200K, reserved 1179648K
  class space    used 13523K, committed 13888K, reserved 1048576K
}
Event: 29.295 GC heap after
{Heap after GC invocations=46 (full 0):
 garbage-first heap   total 208896K, used 118434K [0x0000000080000000, 0x0000000100000000)
  region size 1024K, 8 young (8192K), 8 survivors (8192K)
 Metaspace       used 98437K, committed 99200K, reserved 1179648K
  class space    used 13523K, committed 13888K, reserved 1048576K
}
Event: 115.488 GC heap before
{Heap before GC invocations=46 (full 0):
 garbage-first heap   total 208896K, used 173730K [0x0000000080000000, 0x0000000100000000)
  region size 1024K, 63 young (64512K), 8 survivors (8192K)
 Metaspace       used 100122K, committed 100864K, reserved 1179648K
  class space    used 13742K, committed 14080K, reserved 1048576K
}
Event: 115.503 GC heap after
{Heap after GC invocations=47 (full 0):
 garbage-first heap   total 208896K, used 121890K [0x0000000080000000, 0x0000000100000000)
  region size 1024K, 7 young (7168K), 7 survivors (7168K)
 Metaspace       used 100122K, committed 100864K, reserved 1179648K
  class space    used 13742K, committed 14080K, reserved 1048576K
}
Event: 118.730 GC heap before
{Heap before GC invocations=47 (full 0):
 garbage-first heap   total 208896K, used 175138K [0x0000000080000000, 0x0000000100000000)
  region size 1024K, 60 young (61440K), 7 survivors (7168K)
 Metaspace       used 100929K, committed 101760K, reserved 1179648K
  class space    used 13794K, committed 14144K, reserved 1048576K
}
Event: 118.750 GC heap after
{Heap after GC invocations=48 (full 0):
 garbage-first heap   total 208896K, used 128000K [0x0000000080000000, 0x0000000100000000)
  region size 1024K, 8 young (8192K), 8 survivors (8192K)
 Metaspace       used 100929K, committed 101760K, reserved 1179648K
  class space    used 13794K, committed 14144K, reserved 1048576K
}
Event: 121.164 GC heap before
{Heap before GC invocations=48 (full 0):
 garbage-first heap   total 208896K, used 174080K [0x0000000080000000, 0x0000000100000000)
  region size 1024K, 54 young (55296K), 8 survivors (8192K)
 Metaspace       used 104570K, committed 105472K, reserved 1179648K
  class space    used 14185K, committed 14592K, reserved 1048576K
}
Event: 121.179 GC heap after
{Heap after GC invocations=49 (full 0):
 garbage-first heap   total 208896K, used 132802K [0x0000000080000000, 0x0000000100000000)
  region size 1024K, 5 young (5120K), 5 survivors (5120K)
 Metaspace       used 104570K, committed 105472K, reserved 1179648K
  class space    used 14185K, committed 14592K, reserved 1048576K
}

