# JRE version: OpenJDK Runtime Environment JBR-17.0.8.1+7-1063.1-nomod (17.0.8.1+7) (build 17.0.8.1+7-b1063.1)
# Java VM: OpenJDK 64-Bit Server VM JBR-17.0.8.1+7-1063.1-nomod (17.0.8.1+7-b1063.1, mixed mode, tiered, compressed oops, compressed class ptrs, g1 gc, windows-amd64)
GC Precious Log:
 CPUs: 8 total, 8 available
 Memory: 8075M
 Large Page Support: Disabled
 NUMA Support: Disabled
 Compressed Oops: Enabled (32-bit)
 Heap Region Size: 1M
 Heap Min Capacity: 8M
 Heap Initial Capacity: 128M
 Heap Max Capacity: 2G
 Pre-touch: Disabled
 Parallel Workers: 8
 Concurrent Workers: 2
 Concurrent Refinement Workers: 8
 Periodic GC: Disabled
Heap:
 garbage-first heap   total 463872K, used 344443K [0x0000000080000000, 0x0000000100000000)
  region size 1024K, 130 young (133120K), 21 survivors (21504K)
 Metaspace       used 126609K, committed 127872K, reserved 1179648K
  class space    used 16790K, committed 17408K, reserved 1048576K
GC Heap History (20 events):
Event: 27.419 GC heap before
{Heap before GC invocations=78 (full 0):
 garbage-first heap   total 463872K, used 427142K [0x0000000080000000, 0x0000000100000000)
  region size 1024K, 271 young (277504K), 20 survivors (20480K)
 Metaspace       used 56090K, committed 56704K, reserved 1114112K
  class space    used 7430K, committed 7680K, reserved 1048576K
}
Event: 27.431 GC heap after
{Heap after GC invocations=79 (full 0):
 garbage-first heap   total 463872K, used 152370K [0x0000000080000000, 0x0000000100000000)
  region size 1024K, 23 young (23552K), 23 survivors (23552K)
 Metaspace       used 56090K, committed 56704K, reserved 1114112K
  class space    used 7430K, committed 7680K, reserved 1048576K
}
Event: 30.237 GC heap before
{Heap before GC invocations=79 (full 0):
 garbage-first heap   total 463872K, used 370482K [0x0000000080000000, 0x0000000100000000)
  region size 1024K, 230 young (235520K), 23 survivors (23552K)
 Metaspace       used 76764K, committed 77440K, reserved 1179648K
  class space    used 10352K, committed 10688K, reserved 1048576K
}
Event: 30.256 GC heap after
{Heap after GC invocations=80 (full 0):
 garbage-first heap   total 463872K, used 167744K [0x0000000080000000, 0x0000000100000000)
  region size 1024K, 16 young (16384K), 16 survivors (16384K)
 Metaspace       used 76764K, committed 77440K, reserved 1179648K
  class space    used 10352K, committed 10688K, reserved 1048576K
}
Event: 33.101 GC heap before
{Heap before GC invocations=81 (full 0):
 garbage-first heap   total 463872K, used 399168K [0x0000000080000000, 0x0000000100000000)
  region size 1024K, 227 young (232448K), 16 survivors (16384K)
 Metaspace       used 91407K, committed 92160K, reserved 1179648K
  class space    used 12502K, committed 12864K, reserved 1048576K
}
Event: 33.121 GC heap after
{Heap after GC invocations=82 (full 0):
 garbage-first heap   total 463872K, used 204710K [0x0000000080000000, 0x0000000100000000)
  region size 1024K, 29 young (29696K), 29 survivors (29696K)
 Metaspace       used 91407K, committed 92160K, reserved 1179648K
  class space    used 12502K, committed 12864K, reserved 1048576K
}
Event: 33.135 GC heap before
{Heap before GC invocations=82 (full 0):
 garbage-first heap   total 463872K, used 205734K [0x0000000080000000, 0x0000000100000000)
  region size 1024K, 30 young (30720K), 29 survivors (29696K)
 Metaspace       used 91480K, committed 92224K, reserved 1179648K
  class space    used 12512K, committed 12864K, reserved 1048576K
}
Event: 33.153 GC heap after
{Heap after GC invocations=83 (full 0):
 garbage-first heap   total 463872K, used 205865K [0x0000000080000000, 0x0000000100000000)
  region size 1024K, 4 young (4096K), 4 survivors (4096K)
 Metaspace       used 91480K, committed 92224K, reserved 1179648K
  class space    used 12512K, committed 12864K, reserved 1048576K
}
Event: 35.491 GC heap before
{Heap before GC invocations=83 (full 0):
 garbage-first heap   total 463872K, used 377897K [0x0000000080000000, 0x0000000100000000)
  region size 1024K, 172 young (176128K), 4 survivors (4096K)
 Metaspace       used 104639K, committed 105472K, reserved 1179648K
  class space    used 14074K, committed 14464K, reserved 1048576K
}
Event: 35.506 GC heap after
{Heap after GC invocations=84 (full 0):
 garbage-first heap   total 463872K, used 214779K [0x0000000080000000, 0x0000000100000000)
  region size 1024K, 13 young (13312K), 13 survivors (13312K)
 Metaspace       used 104639K, committed 105472K, reserved 1179648K
  class space    used 14074K, committed 14464K, reserved 1048576K
}
Event: 771.408 GC heap before
{Heap before GC invocations=84 (full 0):
 garbage-first heap   total 463872K, used 378619K [0x0000000080000000, 0x0000000100000000)
  region size 1024K, 173 young (177152K), 13 survivors (13312K)
 Metaspace       used 113062K, committed 114048K, reserved 1179648K
  class space    used 15139K, committed 15616K, reserved 1048576K
}
Event: 771.435 GC heap after
{Heap after GC invocations=85 (full 0):
 garbage-first heap   total 463872K, used 223332K [0x0000000080000000, 0x0000000100000000)
  region size 1024K, 10 young (10240K), 10 survivors (10240K)
 Metaspace       used 113062K, committed 114048K, reserved 1179648K
  class space    used 15139K, committed 15616K, reserved 1048576K
}
Event: 772.784 GC heap before
{Heap before GC invocations=85 (full 0):
 garbage-first heap   total 463872K, used 300132K [0x0000000080000000, 0x0000000100000000)
  region size 1024K, 87 young (89088K), 10 survivors (10240K)
 Metaspace       used 115960K, committed 116992K, reserved 1179648K
  class space    used 15484K, committed 16000K, reserved 1048576K
}
Event: 772.800 GC heap after
{Heap after GC invocations=86 (full 0):
 garbage-first heap   total 463872K, used 232999K [0x0000000080000000, 0x0000000100000000)
  region size 1024K, 20 young (20480K), 20 survivors (20480K)
 Metaspace       used 115960K, committed 116992K, reserved 1179648K
  class space    used 15484K, committed 16000K, reserved 1048576K
}
Event: 817.178 GC heap before
{Heap before GC invocations=87 (full 0):
 garbage-first heap   total 463872K, used 372263K [0x0000000080000000, 0x0000000100000000)
  region size 1024K, 165 young (168960K), 20 survivors (20480K)
 Metaspace       used 121613K, committed 122816K, reserved 1179648K
  class space    used 16110K, committed 16704K, reserved 1048576K
}
Event: 817.192 GC heap after
{Heap after GC invocations=88 (full 0):
 garbage-first heap   total 463872K, used 219233K [0x0000000080000000, 0x0000000100000000)
  region size 1024K, 7 young (7168K), 7 survivors (7168K)
 Metaspace       used 121613K, committed 122816K, reserved 1179648K
  class space    used 16110K, committed 16704K, reserved 1048576K
}
Event: 817.409 GC heap before
{Heap before GC invocations=88 (full 0):
 garbage-first heap   total 463872K, used 234593K [0x0000000080000000, 0x0000000100000000)
  region size 1024K, 22 young (22528K), 7 survivors (7168K)
 Metaspace       used 121838K, committed 123072K, reserved 1179648K
  class space    used 16122K, committed 16704K, reserved 1048576K
}
Event: 817.417 GC heap after
{Heap after GC invocations=89 (full 0):
 garbage-first heap   total 463872K, used 217268K [0x0000000080000000, 0x0000000100000000)
  region size 1024K, 3 young (3072K), 3 survivors (3072K)
 Metaspace       used 121838K, committed 123072K, reserved 1179648K
  class space    used 16122K, committed 16704K, reserved 1048576K
}
Event: 819.183 GC heap before
{Heap before GC invocations=89 (full 0):
 garbage-first heap   total 463872K, used 381108K [0x0000000080000000, 0x0000000100000000)
  region size 1024K, 164 young (167936K), 3 survivors (3072K)
 Metaspace       used 123486K, committed 124800K, reserved 1179648K
  class space    used 16401K, committed 17024K, reserved 1048576K
}
Event: 819.206 GC heap after
{Heap after GC invocations=90 (full 0):
 garbage-first heap   total 463872K, used 234875K [0x0000000080000000, 0x0000000100000000)
  region size 1024K, 21 young (21504K), 21 survivors (21504K)
 Metaspace       used 123486K, committed 124800K, reserved 1179648K
  class space    used 16401K, committed 17024K, reserved 1048576K
}

