# JRE version: OpenJDK Runtime Environment JBR-17.0.8.1+7-1063.1-nomod (17.0.8.1+7) (build 17.0.8.1+7-b1063.1)
# Java VM: OpenJDK 64-Bit Server VM JBR-17.0.8.1+7-1063.1-nomod (17.0.8.1+7-b1063.1, mixed mode, tiered, compressed oops, compressed class ptrs, g1 gc, windows-amd64)
GC Precious Log:
 CPUs: 8 total, 8 available
 Memory: 8075M
 Large Page Support: Disabled
 NUMA Support: Disabled
 Compressed Oops: Enabled (32-bit)
 Heap Region Size: 1M
 Heap Min Capacity: 8M
 Heap Initial Capacity: 128M
 Heap Max Capacity: 2G
 Pre-touch: Disabled
 Parallel Workers: 8
 Concurrent Workers: 2
 Concurrent Refinement Workers: 8
 Periodic GC: Disabled
Heap:
 garbage-first heap   total 358400K, used 274970K [0x0000000080000000, 0x0000000100000000)
  region size 1024K, 162 young (165888K), 14 survivors (14336K)
 Metaspace       used 118368K, committed 119232K, reserved 1179648K
  class space    used 15808K, committed 16192K, reserved 1048576K
GC Heap History (20 events):
Event: 14.723 GC heap before
{Heap before GC invocations=31 (full 0):
 garbage-first heap   total 144384K, used 83047K [0x0000000080000000, 0x0000000100000000)
  region size 1024K, 7 young (7168K), 4 survivors (4096K)
 Metaspace       used 88083K, committed 88704K, reserved 1179648K
  class space    used 11996K, committed 12288K, reserved 1048576K
}
Event: 14.730 GC heap after
{Heap after GC invocations=32 (full 0):
 garbage-first heap   total 174080K, used 80160K [0x0000000080000000, 0x0000000100000000)
  region size 1024K, 1 young (1024K), 1 survivors (1024K)
 Metaspace       used 88083K, committed 88704K, reserved 1179648K
  class space    used 11996K, committed 12288K, reserved 1048576K
}
Event: 15.879 GC heap before
{Heap before GC invocations=32 (full 0):
 garbage-first heap   total 174080K, used 141600K [0x0000000080000000, 0x0000000100000000)
  region size 1024K, 61 young (62464K), 1 survivors (1024K)
 Metaspace       used 91846K, committed 92480K, reserved 1179648K
  class space    used 12469K, committed 12736K, reserved 1048576K
}
Event: 15.889 GC heap after
{Heap after GC invocations=33 (full 0):
 garbage-first heap   total 174080K, used 87135K [0x0000000080000000, 0x0000000100000000)
  region size 1024K, 8 young (8192K), 8 survivors (8192K)
 Metaspace       used 91846K, committed 92480K, reserved 1179648K
  class space    used 12469K, committed 12736K, reserved 1048576K
}
Event: 16.438 GC heap before
{Heap before GC invocations=34 (full 0):
 garbage-first heap   total 174080K, used 137311K [0x0000000080000000, 0x0000000100000000)
  region size 1024K, 57 young (58368K), 8 survivors (8192K)
 Metaspace       used 92261K, committed 92864K, reserved 1179648K
  class space    used 12534K, committed 12800K, reserved 1048576K
}
Event: 16.454 GC heap after
{Heap after GC invocations=35 (full 0):
 garbage-first heap   total 174080K, used 95276K [0x0000000080000000, 0x0000000100000000)
  region size 1024K, 8 young (8192K), 8 survivors (8192K)
 Metaspace       used 92261K, committed 92864K, reserved 1179648K
  class space    used 12534K, committed 12800K, reserved 1048576K
}
Event: 16.507 GC heap before
{Heap before GC invocations=35 (full 0):
 garbage-first heap   total 174080K, used 96300K [0x0000000080000000, 0x0000000100000000)
  region size 1024K, 9 young (9216K), 8 survivors (8192K)
 Metaspace       used 92395K, committed 93056K, reserved 1179648K
  class space    used 12566K, committed 12864K, reserved 1048576K
}
Event: 16.521 GC heap after
{Heap after GC invocations=36 (full 0):
 garbage-first heap   total 174080K, used 95687K [0x0000000080000000, 0x0000000100000000)
  region size 1024K, 1 young (1024K), 1 survivors (1024K)
 Metaspace       used 92395K, committed 93056K, reserved 1179648K
  class space    used 12566K, committed 12864K, reserved 1048576K
}
Event: 17.591 GC heap before
{Heap before GC invocations=36 (full 0):
 garbage-first heap   total 174080K, used 139719K [0x0000000080000000, 0x0000000100000000)
  region size 1024K, 44 young (45056K), 1 survivors (1024K)
 Metaspace       used 94800K, committed 95552K, reserved 1179648K
  class space    used 13061K, committed 13376K, reserved 1048576K
}
Event: 17.597 GC heap after
{Heap after GC invocations=37 (full 0):
 garbage-first heap   total 174080K, used 99173K [0x0000000080000000, 0x0000000100000000)
  region size 1024K, 5 young (5120K), 5 survivors (5120K)
 Metaspace       used 94800K, committed 95552K, reserved 1179648K
  class space    used 13061K, committed 13376K, reserved 1048576K
}
Event: 18.270 GC heap before
{Heap before GC invocations=38 (full 0):
 garbage-first heap   total 179200K, used 139109K [0x0000000080000000, 0x0000000100000000)
  region size 1024K, 45 young (46080K), 5 survivors (5120K)
 Metaspace       used 95079K, committed 95808K, reserved 1179648K
  class space    used 13066K, committed 13440K, reserved 1048576K
}
Event: 18.278 GC heap after
{Heap after GC invocations=39 (full 0):
 garbage-first heap   total 179200K, used 101155K [0x0000000080000000, 0x0000000100000000)
  region size 1024K, 3 young (3072K), 3 survivors (3072K)
 Metaspace       used 95079K, committed 95808K, reserved 1179648K
  class space    used 13066K, committed 13440K, reserved 1048576K
}
Event: 18.328 GC heap before
{Heap before GC invocations=39 (full 0):
 garbage-first heap   total 179200K, used 105251K [0x0000000080000000, 0x0000000100000000)
  region size 1024K, 8 young (8192K), 3 survivors (3072K)
 Metaspace       used 95116K, committed 95872K, reserved 1179648K
  class space    used 13067K, committed 13440K, reserved 1048576K
}
Event: 18.334 GC heap after
{Heap after GC invocations=40 (full 0):
 garbage-first heap   total 358400K, used 101468K [0x0000000080000000, 0x0000000100000000)
  region size 1024K, 1 young (1024K), 1 survivors (1024K)
 Metaspace       used 95116K, committed 95872K, reserved 1179648K
  class space    used 13067K, committed 13440K, reserved 1048576K
}
Event: 21.218 GC heap before
{Heap before GC invocations=40 (full 0):
 garbage-first heap   total 358400K, used 276572K [0x0000000080000000, 0x0000000100000000)
  region size 1024K, 173 young (177152K), 1 survivors (1024K)
 Metaspace       used 96730K, committed 97472K, reserved 1179648K
  class space    used 13255K, committed 13568K, reserved 1048576K
}
Event: 21.233 GC heap after
{Heap after GC invocations=41 (full 0):
 garbage-first heap   total 358400K, used 112002K [0x0000000080000000, 0x0000000100000000)
  region size 1024K, 11 young (11264K), 11 survivors (11264K)
 Metaspace       used 96730K, committed 97472K, reserved 1179648K
  class space    used 13255K, committed 13568K, reserved 1048576K
}
Event: 25.227 GC heap before
{Heap before GC invocations=41 (full 0):
 garbage-first heap   total 358400K, used 276866K [0x0000000080000000, 0x0000000100000000)
  region size 1024K, 173 young (177152K), 11 survivors (11264K)
 Metaspace       used 103084K, committed 103808K, reserved 1179648K
  class space    used 14026K, committed 14336K, reserved 1048576K
}
Event: 25.245 GC heap after
{Heap after GC invocations=42 (full 0):
 garbage-first heap   total 358400K, used 122041K [0x0000000080000000, 0x0000000100000000)
  region size 1024K, 21 young (21504K), 21 survivors (21504K)
 Metaspace       used 103084K, committed 103808K, reserved 1179648K
  class space    used 14026K, committed 14336K, reserved 1048576K
}
Event: 28.712 GC heap before
{Heap before GC invocations=42 (full 0):
 garbage-first heap   total 358400K, used 283833K [0x0000000080000000, 0x0000000100000000)
  region size 1024K, 179 young (183296K), 21 survivors (21504K)
 Metaspace       used 104736K, committed 105536K, reserved 1179648K
  class space    used 14289K, committed 14656K, reserved 1048576K
}
Event: 28.728 GC heap after
{Heap after GC invocations=43 (full 0):
 garbage-first heap   total 358400K, used 125466K [0x0000000080000000, 0x0000000100000000)
  region size 1024K, 14 young (14336K), 14 survivors (14336K)
 Metaspace       used 104736K, committed 105536K, reserved 1179648K
  class space    used 14289K, committed 14656K, reserved 1048576K
}

